{"total": {"lines":{"total":1316,"covered":499,"skipped":0,"pct":37.91},"statements":{"total":1316,"covered":499,"skipped":0,"pct":37.91},"functions":{"total":66,"covered":39,"skipped":0,"pct":59.09},"branches":{"total":148,"covered":108,"skipped":0,"pct":72.97},"branchesTrue":{"total":0,"covered":0,"skipped":0,"pct":100}}
,"C:\\Users\\hegyi\\Documents\\GitHub\\gau\\packages\\gau\\index.ts": {"lines":{"total":1,"covered":0,"skipped":0,"pct":0},"functions":{"total":1,"covered":0,"skipped":0,"pct":0},"statements":{"total":1,"covered":0,"skipped":0,"pct":0},"branches":{"total":1,"covered":0,"skipped":0,"pct":0}}
,"C:\\Users\\hegyi\\Documents\\GitHub\\gau\\packages\\gau\\tsup.config.ts": {"lines":{"total":55,"covered":0,"skipped":0,"pct":0},"functions":{"total":1,"covered":1,"skipped":0,"pct":100},"statements":{"total":55,"covered":0,"skipped":0,"pct":0},"branches":{"total":1,"covered":1,"skipped":0,"pct":100}}
,"C:\\Users\\hegyi\\Documents\\GitHub\\gau\\packages\\gau\\adapters\\index.ts": {"lines":{"total":2,"covered":0,"skipped":0,"pct":0},"functions":{"total":1,"covered":0,"skipped":0,"pct":0},"statements":{"total":2,"covered":0,"skipped":0,"pct":0},"branches":{"total":1,"covered":0,"skipped":0,"pct":0}}
,"C:\\Users\\hegyi\\Documents\\GitHub\\gau\\packages\\gau\\adapters\\drizzle\\index.ts": {"lines":{"total":22,"covered":0,"skipped":0,"pct":0},"functions":{"total":1,"covered":1,"skipped":0,"pct":100},"statements":{"total":22,"covered":0,"skipped":0,"pct":0},"branches":{"total":1,"covered":1,"skipped":0,"pct":100}}
,"C:\\Users\\hegyi\\Documents\\GitHub\\gau\\packages\\gau\\adapters\\drizzle\\mysql.ts": {"lines":{"total":3,"covered":0,"skipped":0,"pct":0},"functions":{"total":1,"covered":1,"skipped":0,"pct":100},"statements":{"total":3,"covered":0,"skipped":0,"pct":0},"branches":{"total":1,"covered":1,"skipped":0,"pct":100}}
,"C:\\Users\\hegyi\\Documents\\GitHub\\gau\\packages\\gau\\adapters\\drizzle\\pg.ts": {"lines":{"total":3,"covered":0,"skipped":0,"pct":0},"functions":{"total":1,"covered":1,"skipped":0,"pct":100},"statements":{"total":3,"covered":0,"skipped":0,"pct":0},"branches":{"total":1,"covered":1,"skipped":0,"pct":100}}
,"C:\\Users\\hegyi\\Documents\\GitHub\\gau\\packages\\gau\\adapters\\drizzle\\sqlite.ts": {"lines":{"total":82,"covered":0,"skipped":0,"pct":0},"functions":{"total":1,"covered":1,"skipped":0,"pct":100},"statements":{"total":82,"covered":0,"skipped":0,"pct":0},"branches":{"total":1,"covered":1,"skipped":0,"pct":100}}
,"C:\\Users\\hegyi\\Documents\\GitHub\\gau\\packages\\gau\\adapters\\memory\\index.ts": {"lines":{"total":52,"covered":28,"skipped":0,"pct":53.84},"functions":{"total":8,"covered":3,"skipped":0,"pct":37.5},"statements":{"total":52,"covered":28,"skipped":0,"pct":53.84},"branches":{"total":7,"covered":3,"skipped":0,"pct":42.85}}
,"C:\\Users\\hegyi\\Documents\\GitHub\\gau\\packages\\gau\\cli\\index.ts": {"lines":{"total":24,"covered":0,"skipped":0,"pct":0},"functions":{"total":1,"covered":0,"skipped":0,"pct":0},"statements":{"total":24,"covered":0,"skipped":0,"pct":0},"branches":{"total":1,"covered":0,"skipped":0,"pct":0}}
,"C:\\Users\\hegyi\\Documents\\GitHub\\gau\\packages\\gau\\client\\svelte\\index.svelte.ts": {"lines":{"total":59,"covered":0,"skipped":0,"pct":0},"functions":{"total":1,"covered":1,"skipped":0,"pct":100},"statements":{"total":59,"covered":0,"skipped":0,"pct":0},"branches":{"total":1,"covered":1,"skipped":0,"pct":100}}
,"C:\\Users\\hegyi\\Documents\\GitHub\\gau\\packages\\gau\\core\\cookies.ts": {"lines":{"total":44,"covered":14,"skipped":0,"pct":31.81},"functions":{"total":2,"covered":0,"skipped":0,"pct":0},"statements":{"total":44,"covered":14,"skipped":0,"pct":31.81},"branches":{"total":1,"covered":0,"skipped":0,"pct":0}}
,"C:\\Users\\hegyi\\Documents\\GitHub\\gau\\packages\\gau\\core\\createAuth.ts": {"lines":{"total":80,"covered":38,"skipped":0,"pct":47.5},"functions":{"total":7,"covered":1,"skipped":0,"pct":14.28},"statements":{"total":80,"covered":38,"skipped":0,"pct":47.5},"branches":{"total":1,"covered":1,"skipped":0,"pct":100}}
,"C:\\Users\\hegyi\\Documents\\GitHub\\gau\\packages\\gau\\core\\handler.ts": {"lines":{"total":317,"covered":4,"skipped":0,"pct":1.26},"functions":{"total":6,"covered":0,"skipped":0,"pct":0},"statements":{"total":317,"covered":4,"skipped":0,"pct":1.26},"branches":{"total":0,"covered":0,"skipped":0,"pct":100}}
,"C:\\Users\\hegyi\\Documents\\GitHub\\gau\\packages\\gau\\core\\index.ts": {"lines":{"total":25,"covered":13,"skipped":0,"pct":52},"functions":{"total":4,"covered":2,"skipped":0,"pct":50},"statements":{"total":25,"covered":13,"skipped":0,"pct":52},"branches":{"total":2,"covered":2,"skipped":0,"pct":100}}
,"C:\\Users\\hegyi\\Documents\\GitHub\\gau\\packages\\gau\\jwt\\index.ts": {"lines":{"total":1,"covered":1,"skipped":0,"pct":100},"functions":{"total":0,"covered":0,"skipped":0,"pct":100},"statements":{"total":1,"covered":1,"skipped":0,"pct":100},"branches":{"total":0,"covered":0,"skipped":0,"pct":100}}
,"C:\\Users\\hegyi\\Documents\\GitHub\\gau\\packages\\gau\\jwt\\jwt.ts": {"lines":{"total":119,"covered":112,"skipped":0,"pct":94.11},"functions":{"total":2,"covered":2,"skipped":0,"pct":100},"statements":{"total":119,"covered":112,"skipped":0,"pct":94.11},"branches":{"total":54,"covered":47,"skipped":0,"pct":87.03}}
,"C:\\Users\\hegyi\\Documents\\GitHub\\gau\\packages\\gau\\jwt\\utils.ts": {"lines":{"total":82,"covered":82,"skipped":0,"pct":100},"functions":{"total":4,"covered":4,"skipped":0,"pct":100},"statements":{"total":82,"covered":82,"skipped":0,"pct":100},"branches":{"total":19,"covered":16,"skipped":0,"pct":84.21}}
,"C:\\Users\\hegyi\\Documents\\GitHub\\gau\\packages\\gau\\oauth\\index.ts": {"lines":{"total":3,"covered":0,"skipped":0,"pct":0},"functions":{"total":1,"covered":1,"skipped":0,"pct":100},"statements":{"total":3,"covered":0,"skipped":0,"pct":0},"branches":{"total":1,"covered":1,"skipped":0,"pct":100}}
,"C:\\Users\\hegyi\\Documents\\GitHub\\gau\\packages\\gau\\oauth\\utils.ts": {"lines":{"total":9,"covered":2,"skipped":0,"pct":22.22},"functions":{"total":1,"covered":0,"skipped":0,"pct":0},"statements":{"total":9,"covered":2,"skipped":0,"pct":22.22},"branches":{"total":0,"covered":0,"skipped":0,"pct":100}}
,"C:\\Users\\hegyi\\Documents\\GitHub\\gau\\packages\\gau\\oauth\\providers\\github.ts": {"lines":{"total":69,"covered":61,"skipped":0,"pct":88.4},"functions":{"total":5,"covered":5,"skipped":0,"pct":100},"statements":{"total":69,"covered":61,"skipped":0,"pct":88.4},"branches":{"total":13,"covered":7,"skipped":0,"pct":53.84}}
,"C:\\Users\\hegyi\\Documents\\GitHub\\gau\\packages\\gau\\oauth\\providers\\google.ts": {"lines":{"total":45,"covered":44,"skipped":0,"pct":97.77},"functions":{"total":5,"covered":5,"skipped":0,"pct":100},"statements":{"total":45,"covered":44,"skipped":0,"pct":97.77},"branches":{"total":10,"covered":5,"skipped":0,"pct":50}}
,"C:\\Users\\hegyi\\Documents\\GitHub\\gau\\packages\\gau\\oauth\\providers\\microsoft.ts": {"lines":{"total":105,"covered":100,"skipped":0,"pct":95.23},"functions":{"total":7,"covered":7,"skipped":0,"pct":100},"statements":{"total":105,"covered":100,"skipped":0,"pct":95.23},"branches":{"total":26,"covered":17,"skipped":0,"pct":65.38}}
,"C:\\Users\\hegyi\\Documents\\GitHub\\gau\\packages\\gau\\runtimes\\index.ts": {"lines":{"total":2,"covered":0,"skipped":0,"pct":0},"functions":{"total":1,"covered":0,"skipped":0,"pct":0},"statements":{"total":2,"covered":0,"skipped":0,"pct":0},"branches":{"total":1,"covered":0,"skipped":0,"pct":0}}
,"C:\\Users\\hegyi\\Documents\\GitHub\\gau\\packages\\gau\\runtimes\\bun\\index.ts": {"lines":{"total":1,"covered":0,"skipped":0,"pct":0},"functions":{"total":1,"covered":1,"skipped":0,"pct":100},"statements":{"total":1,"covered":0,"skipped":0,"pct":0},"branches":{"total":1,"covered":1,"skipped":0,"pct":100}}
,"C:\\Users\\hegyi\\Documents\\GitHub\\gau\\packages\\gau\\runtimes\\tauri\\index.ts": {"lines":{"total":61,"covered":0,"skipped":0,"pct":0},"functions":{"total":1,"covered":0,"skipped":0,"pct":0},"statements":{"total":61,"covered":0,"skipped":0,"pct":0},"branches":{"total":1,"covered":0,"skipped":0,"pct":0}}
,"C:\\Users\\hegyi\\Documents\\GitHub\\gau\\packages\\gau\\solidstart\\index.ts": {"lines":{"total":14,"covered":0,"skipped":0,"pct":0},"functions":{"total":1,"covered":1,"skipped":0,"pct":100},"statements":{"total":14,"covered":0,"skipped":0,"pct":0},"branches":{"total":1,"covered":1,"skipped":0,"pct":100}}
,"C:\\Users\\hegyi\\Documents\\GitHub\\gau\\packages\\gau\\sveltekit\\index.ts": {"lines":{"total":36,"covered":0,"skipped":0,"pct":0},"functions":{"total":1,"covered":1,"skipped":0,"pct":100},"statements":{"total":36,"covered":0,"skipped":0,"pct":0},"branches":{"total":1,"covered":1,"skipped":0,"pct":100}}
}
